Frontend/build/app/outputs/logs/manifest-merger-debug-report.txt
-- Merging decision tree log ---
application
INJECTED from src\main\AndroidManifest.xml:4:5-35:19
INJECTED from src\debug\AndroidManifest.xml
MERGED from [:firebase_analytics] AndroidManifest.xml:11:5-17:19
MERGED from [:firebase_analytics] AndroidManifest.xml:11:5-17:19
MERGED from [:geolocator_android] AndroidManifest.xml:7:5-13:19
MERGED from [:geolocator_android] AndroidManifest.xml:7:5-13:19
MERGED from [com.google.android.gms:play-services-location:21.2.0] AndroidManifest.xml:7:5-20
MERGED from [com.google.android.gms:play-services-location:21.2.0] AndroidManifest.xml:7:5-20
MERGED from [:firebase_auth] AndroidManifest.xml:7:5-13:19
MERGED from [:firebase_auth] AndroidManifest.xml:7:5-13:19
MERGED from [:cloud_firestore] AndroidManifest.xml:7:5-13:19
MERGED from [:cloud_firestore] AndroidManifest.xml:7:5-13:19
MERGED from [:firebase_messaging] AndroidManifest.xml:13:5-46:19
MERGED from [:firebase_messaging] AndroidManifest.xml:13:5-46:19
MERGED from [:firebase_core] AndroidManifest.xml:7:5-13:19
MERGED from [:firebase_core] AndroidManifest.xml:7:5-13:19
MERGED from [com.google.firebase:firebase-auth:23.2.1] AndroidManifest.xml:28:5-73:19
MERGED from [com.google.firebase:firebase-auth:23.2.1] AndroidManifest.xml:28:5-73:19
MERGED from [com.google.firebase:firebase-firestore:25.1.4] AndroidManifest.xml:13:5-24:19
MERGED from [com.google.firebase:firebase-firestore:25.1.4] AndroidManifest.xml:13:5-24:19
MERGED from [com.google.firebase:firebase-messaging:24.1.2] AndroidManifest.xml:28:5-64:19
MERGED from [com.google.firebase:firebase-messaging:24.1.2] AndroidManifest.xml:28:5-64:19
MERGED from [com.google.firebase:firebase-analytics:22.5.0] AndroidManifest.xml:7:5-20
MERGED from [com.google.firebase:firebase-analytics:22.5.0] AndroidManifest.xml:7:5-20
MERGED from [com.google.android.gms:play-services-measurement-api:22.5.0] AndroidManifest.xml:29:5-37:19
MERGED from [com.google.android.gms:play-services-measurement-api:22.5.0] AndroidManifest.xml:29:5-37:19
MERGED from [com.google.firebase:firebase-auth-interop:20.0.0] AndroidManifest.xml:7:5-8:19
MERGED from [com.google.firebase:firebase-auth-interop:20.0.0] AndroidManifest.xml:7:5-8:19
MERGED from [com.google.firebase:firebase-installations:18.0.0] AndroidManifest.xml:11:5-22:19
MERGED from [com.google.firebase:firebase-installations:18.0.0] AndroidManifest.xml:11:5-22:19
MERGED from [com.google.firebase:firebase-common-ktx:21.0.0] AndroidManifest.xml:8:5-16:19
MERGED from [com.google.firebase:firebase-common-ktx:21.0.0] AndroidManifest.xml:8:5-16:19
MERGED from [com.google.firebase:firebase-common:21.0.0] AndroidManifest.xml:22:5-39:19
MERGED from [com.google.firebase:firebase-common:21.0.0] AndroidManifest.xml:22:5-39:19
MERGED from [:printing] AndroidManifest.xml:7:5-17:19
MERGED from [:printing] AndroidManifest.xml:7:5-17:19
MERGED from [:razorpay_flutter] AndroidManifest.xml:7:5-8:19
MERGED from [:razorpay_flutter] AndroidManifest.xml:7:5-8:19
MERGED from [androidx.window:window:1.2.0] AndroidManifest.xml:22:5-29:19
MERGED from [androidx.window:window:1.2.0] AndroidManifest.xml:22:5-29:19
MERGED from [com.razorpay:standard-core:1.7.10] AndroidManifest.xml:41:5-69:19
MERGED from [com.razorpay:standard-core:1.7.10] AndroidManifest.xml:41:5-69:19
MERGED from [androidx.credentials:credentials-play-services-auth:1.2.0-rc01] AndroidManifest.xml:23:5-42:19
MERGED from [androidx.credentials:credentials-play-services-auth:1.2.0-rc01] AndroidManifest.xml:23:5-42:19
MERGED from [com.google.android.gms:play-services-auth:21.1.0] AndroidManifest.xml:22:5-38:19
MERGED from [com.google.android.gms:play-services-auth:21.1.0] AndroidManifest.xml:22:5-38:19
MERGED from [com.google.android.gms:play-services-maps:17.0.0] AndroidManifest.xml:30:5-36:19
MERGED from [com.google.android.gms:play-services-maps:17.0.0] AndroidManifest.xml:30:5-36:19
MERGED from [com.google.android.gms:play-services-measurement:22.5.0] AndroidManifest.xml:28:5-44:19
MERGED from [com.google.android.gms:play-services-measurement:22.5.0] AndroidManifest.xml:28:5-44:19
MERGED from [com.google.android.gms:play-services-measurement-sdk:22.5.0] AndroidManifest.xml:22:5-23:19
MERGED from [com.google.android.gms:play-services-measurement-sdk:22.5.0] AndroidManifest.xml:22:5-23:19
MERGED from [com.google.android.play:integrity:1.3.0] AndroidManifest.xml:5:5-6:19
MERGED from [com.google.android.play:integrity:1.3.0] AndroidManifest.xml:5:5-6:19
MERGED from [com.google.firebase:firebase-appcheck-interop:17.0.0] AndroidManifest.xml:23:5-20
MERGED from [com.google.firebase:firebase-appcheck-interop:17.0.0] AndroidManifest.xml:23:5-20
MERGED from [com.google.firebase:firebase-iid-interop:17.1.0] AndroidManifest.xml:7:5-8:19
MERGED from [com.google.firebase:firebase-iid-interop:17.1.0] AndroidManifest.xml:7:5-8:19
MERGED from [com.google.android.gms:play-services-measurement-impl:22.5.0] AndroidManifest.xml:29:5-30:19
MERGED from [com.google.android.gms:play-services-measurement-impl:22.5.0] AndroidManifest.xml:29:5-30:19
MERGED from [com.google.android.gms:play-services-fido:20.1.0] AndroidManifest.xml:7:5-8:19
MERGED from [com.google.android.gms:play-services-fido:20.1.0] AndroidManifest.xml:7:5-8:19
MERGED from [com.google.android.gms:play-services-stats:17.0.2] AndroidManifest.xml:7:5-20
MERGED from [com.google.android.gms:play-services-stats:17.0.2] AndroidManifest.xml:7:5-20
MERGED from [androidx.lifecycle:lifecycle-process:2.7.0] AndroidManifest.xml:23:5-33:19
MERGED from [androidx.lifecycle:lifecycle-process:2.7.0] AndroidManifest.xml:23:5-33:19
MERGED from [androidx.privacysandbox.ads:ads-adservices:1.1.0-beta11] AndroidManifest.xml:22:5-26:19
MERGED from [androidx.privacysandbox.ads:ads-adservices:1.1.0-beta11] AndroidManifest.xml:22:5-26:19
MERGED from [com.google.android.gms:play-services-identity:17.0.0] AndroidManifest.xml:22:5-20
MERGED from [com.google.android.gms:play-services-identity:17.0.0] AndroidManifest.xml:22:5-20
MERGED from [com.google.android.gms:play-services-base:18.5.0] AndroidManifest.xml:4:5-6:19
MERGED from [com.google.android.gms:play-services-base:18.5.0] AndroidManifest.xml:4:5-6:19
MERGED from [com.google.android.gms:play-services-tasks:18.2.0] AndroidManifest.xml:4:5-20
MERGED from [com.google.android.gms:play-services-tasks:18.2.0] AndroidManifest.xml:4:5-20
MERGED from [com.google.firebase:firebase-measurement-connector:19.0.0] AndroidManifest.xml:22:5-23:19
MERGED from [com.google.firebase:firebase-measurement-connector:19.0.0] AndroidManifest.xml:22:5-23:19
MERGED from [com.google.android.gms:play-services-ads-identifier:18.0.0] AndroidManifest.xml:25:5-20
MERGED from [com.google.android.gms:play-services-ads-identifier:18.0.0] AndroidManifest.xml:25:5-20
MERGED from [com.google.android.gms:play-services-measurement-base:22.5.0] AndroidManifest.xml:7:5-20
MERGED from [com.google.android.gms:play-services-measurement-base:22.5.0] AndroidManifest.xml:7:5-20
MERGED from [com.google.android.gms:play-services-basement:18.5.0] AndroidManifest.xml:20:5-24:19
MERGED from [com.google.android.gms:play-services-basement:18.5.0] AndroidManifest.xml:20:5-24:19
MERGED from [androidx.core:core:1.13.1] AndroidManifest.xml:28:5-89
MERGED from [androidx.core:core:1.13.1] AndroidManifest.xml:28:5-89
MERGED from [androidx.profileinstaller:profileinstaller:1.3.1] AndroidManifest.xml:23:5-53:19
MERGED from [androidx.profileinstaller:profileinstaller:1.3.1] AndroidManifest.xml:23:5-53:19
MERGED from [androidx.startup:startup-runtime:1.1.1] AndroidManifest.xml:25:5-31:19
MERGED from [androidx.startup:startup-runtime:1.1.1] AndroidManifest.xml:25:5-31:19
MERGED from [com.google.firebase:firebase-datatransport:18.2.0] AndroidManifest.xml:21:5-29:19
MERGED from [com.google.firebase:firebase-datatransport:18.2.0] AndroidManifest.xml:21:5-29:19
MERGED from [com.google.android.datatransport:transport-backend-cct:3.1.9] AndroidManifest.xml:27:5-35:19
MERGED from [com.google.android.datatransport:transport-backend-cct:3.1.9] AndroidManifest.xml:27:5-35:19
MERGED from [com.google.android.datatransport:transport-runtime:3.1.9] AndroidManifest.xml:25:5-39:19
MERGED from [com.google.android.datatransport:transport-runtime:3.1.9] AndroidManifest.xml:25:5-39:19
MERGED from [androidx.versionedparcelable:versionedparcelable:1.1.1] AndroidManifest.xml:24:5-25:19
MERGED from [androidx.versionedparcelable:versionedparcelable:1.1.1] AndroidManifest.xml:24:5-25:19
MERGED from [com.razorpay:core:1.0.10] AndroidManifest.xml:12:5-28:19
MERGED from [com.razorpay:core:1.0.10] AndroidManifest.xml:12:5-28:19
MERGED from [com.google.android.play:core-common:2.0.3] AndroidManifest.xml:11:5-19:19
MERGED from [com.google.android.play:core-common:2.0.3] AndroidManifest.xml:11:5-19:19
	android:extractNativeLibs
		INJECTED from src\debug\AndroidManifest.xml
	android:appComponentFactory
		ADDED from [androidx.core:core:1.13.1] AndroidManifest.xml:28:18-86
	android:name
		INJECTED from src\main\AndroidManifest.xml
manifest
ADDED from src\main\AndroidManifest.xml:1:1-47:12
MERGED from src\main\AndroidManifest.xml:1:1-47:12
INJECTED from src\debug\AndroidManifest.xml:1:1-7:12
INJECTED from src\debug\AndroidManifest.xml:1:1-7:12
INJECTED from src\debug\AndroidManifest.xml:1:1-7:12
MERGED from [:firebase_analytics] AndroidManifest.xml:2:1-19:12
MERGED from [:shared_preferences_android] AndroidManifest.xml:2:1-7:12
MERGED from [:geolocator_android] AndroidManifest.xml:2:1-15:12
MERGED from [com.google.android.gms:play-services-location:21.2.0] AndroidManifest.xml:2:1-9:12
MERGED from [:firebase_auth] AndroidManifest.xml:2:1-15:12
MERGED from [:cloud_firestore] AndroidManifest.xml:2:1-15:12
MERGED from [:firebase_messaging] AndroidManifest.xml:2:1-48:12
MERGED from [:firebase_core] AndroidManifest.xml:2:1-15:12
MERGED from [com.google.firebase:firebase-auth:23.2.1] AndroidManifest.xml:17:1-75:12
MERGED from [com.google.firebase:firebase-firestore:25.1.4] AndroidManifest.xml:2:1-26:12
MERGED from [com.google.firebase:firebase-messaging:24.1.2] AndroidManifest.xml:17:1-66:12
MERGED from [com.google.firebase:firebase-analytics:22.5.0] AndroidManifest.xml:2:1-9:12
MERGED from [com.google.android.gms:play-services-measurement-api:22.5.0] AndroidManifest.xml:17:1-39:12
MERGED from [com.google.firebase:firebase-auth-interop:20.0.0] AndroidManifest.xml:2:1-10:12
MERGED from [com.google.firebase:firebase-installations:18.0.0] AndroidManifest.xml:2:1-24:12
MERGED from [com.google.firebase:firebase-common-ktx:21.0.0] AndroidManifest.xml:2:1-18:12
MERGED from [com.google.firebase:firebase-common:21.0.0] AndroidManifest.xml:15:1-41:12
MERGED from [:connectivity_plus] AndroidManifest.xml:2:1-9:12
MERGED from [:path_provider_android] AndroidManifest.xml:2:1-7:12
MERGED from [:printing] AndroidManifest.xml:2:1-19:12
MERGED from [:razorpay_flutter] AndroidManifest.xml:2:1-10:12
MERGED from [:sqflite_android] AndroidManifest.xml:2:1-7:12
MERGED from [androidx.preference:preference:1.2.1] AndroidManifest.xml:17:1-24:12
MERGED from [androidx.recyclerview:recyclerview:1.0.0] AndroidManifest.xml:17:1-22:12
MERGED from [androidx.legacy:legacy-support-core-ui:1.0.0] AndroidManifest.xml:17:1-22:12
MERGED from [androidx.slidingpanelayout:slidingpanelayout:1.2.0] AndroidManifest.xml:17:1-24:12
MERGED from [androidx.window:window:1.2.0] AndroidManifest.xml:17:1-31:12
MERGED from [androidx.window:window-java:1.2.0] AndroidManifest.xml:17:1-21:12
MERGED from [androidx.appcompat:appcompat:1.1.0] AndroidManifest.xml:17:1-24:12
MERGED from [androidx.browser:browser:1.4.0] AndroidManifest.xml:17:1-24:12
MERGED from [com.razorpay:checkout:1.6.41] AndroidManifest.xml:2:1-7:12
MERGED from [com.razorpay:standard-core:1.7.10] AndroidManifest.xml:2:1-71:12
MERGED from [androidx.credentials:credentials:1.2.0-rc01] AndroidManifest.xml:2:1-7:12
MERGED from [androidx.credentials:credentials-play-services-auth:1.2.0-rc01] AndroidManifest.xml:17:1-44:12
MERGED from [com.google.android.gms:play-services-auth:21.1.0] AndroidManifest.xml:17:1-40:12
MERGED from [com.google.android.gms:play-services-wallet:18.1.3] AndroidManifest.xml:17:1-22:12
MERGED from [androidx.fragment:fragment-ktx:1.7.1] AndroidManifest.xml:2:1-7:12
MERGED from [com.google.android.gms:play-services-maps:17.0.0] AndroidManifest.xml:17:1-38:12
MERGED from [com.google.android.gms:play-services-auth-api-phone:18.0.2] AndroidManifest.xml:2:1-7:12
MERGED from [com.google.android.gms:play-services-measurement:22.5.0] AndroidManifest.xml:17:1-46:12
MERGED from [com.google.android.gms:play-services-measurement-sdk:22.5.0] AndroidManifest.xml:17:1-25:12
MERGED from [com.google.android.recaptcha:recaptcha:18.6.1] AndroidManifest.xml:2:1-11:12
MERGED from [com.google.android.play:integrity:1.3.0] AndroidManifest.xml:2:1-7:12
MERGED from [com.google.firebase:firebase-appcheck-interop:17.0.0] AndroidManifest.xml:15:1-25:12
MERGED from [com.google.firebase:firebase-iid-interop:17.1.0] AndroidManifest.xml:2:1-10:12
MERGED from [com.google.android.gms:play-services-cloud-messaging:17.2.0] AndroidManifest.xml:2:1-13:12
MERGED from [com.google.android.gms:play-services-auth-base:18.0.10] AndroidManifest.xml:2:1-7:12
MERGED from [com.google.android.gms:play-services-measurement-impl:22.5.0] AndroidManifest.xml:17:1-32:12
MERGED from [com.google.android.gms:play-services-fido:20.1.0] AndroidManifest.xml:2:1-10:12
MERGED from [androidx.activity:activity-ktx:1.8.1] AndroidManifest.xml:2:1-7:12
MERGED from [androidx.lifecycle:lifecycle-runtime-ktx:2.7.0] AndroidManifest.xml:17:1-22:12
MERGED from [androidx.lifecycle:lifecycle-livedata-core-ktx:2.7.0] AndroidManifest.xml:2:1-7:12
MERGED from [androidx.lifecycle:lifecycle-viewmodel-ktx:2.7.0] AndroidManifest.xml:2:1-7:12
MERGED from [androidx.lifecycle:lifecycle-viewmodel-savedstate:2.7.0] AndroidManifest.xml:17:1-22:12
MERGED from [com.google.android.gms:play-services-stats:17.0.2] AndroidManifest.xml:2:1-9:12
MERGED from [androidx.legacy:legacy-support-core-utils:1.0.0] AndroidManifest.xml:17:1-22:12
MERGED from [androidx.loader:loader:1.1.0] AndroidManifest.xml:17:1-24:12
MERGED from [androidx.lifecycle:lifecycle-viewmodel:2.7.0] AndroidManifest.xml:17:1-22:12
MERGED from [androidx.lifecycle:lifecycle-livedata-core:2.7.0] AndroidManifest.xml:17:1-22:12
MERGED from [androidx.lifecycle:lifecycle-runtime:2.7.0] AndroidManifest.xml:2:1-7:12
MERGED from [androidx.lifecycle:lifecycle-process:2.7.0] AndroidManifest.xml:17:1-35:12
MERGED from [androidx.savedstate:savedstate-ktx:1.2.1] AndroidManifest.xml:17:1-22:12
MERGED from [androidx.savedstate:savedstate:1.2.1] AndroidManifest.xml:17:1-22:12
MERGED from [androidx.datastore:datastore-preferences-core-android:1.1.7] AndroidManifest.xml:2:1-7:12
MERGED from [androidx.datastore:datastore-core-android:1.1.7] AndroidManifest.xml:2:1-7:12
MERGED from [androidx.datastore:datastore-preferences-android:1.1.7] AndroidManifest.xml:17:1-22:12
MERGED from [androidx.datastore:datastore-android:1.1.7] AndroidManifest.xml:17:1-22:12
MERGED from [androidx.privacysandbox.ads:ads-adservices-java:1.1.0-beta11] AndroidManifest.xml:2:1-7:12
MERGED from [androidx.privacysandbox.ads:ads-adservices:1.1.0-beta11] AndroidManifest.xml:17:1-28:12
MERGED from [com.google.firebase:firebase-installations-interop:17.1.1] AndroidManifest.xml:15:1-19:12
MERGED from [com.google.firebase:firebase-database-collection:18.0.1] AndroidManifest.xml:2:1-9:12
MERGED from [com.google.android.gms:play-services-identity:17.0.0] AndroidManifest.xml:17:1-24:12
MERGED from [com.google.android.gms:play-services-base:18.5.0] AndroidManifest.xml:2:1-7:12
MERGED from [com.google.android.gms:play-services-tasks:18.2.0] AndroidManifest.xml:2:1-5:12
MERGED from [com.google.firebase:firebase-measurement-connector:19.0.0] AndroidManifest.xml:17:1-25:12
MERGED from [com.google.android.gms:play-services-ads-identifier:18.0.0] AndroidManifest.xml:17:1-27:12
MERGED from [com.google.android.gms:play-services-measurement-sdk-api:22.5.0] AndroidManifest.xml:17:1-30:12
MERGED from [com.google.android.gms:play-services-measurement-base:22.5.0] AndroidManifest.xml:2:1-9:12
MERGED from [com.google.android.gms:play-services-basement:18.5.0] AndroidManifest.xml:16:1-26:12
MERGED from [androidx.fragment:fragment:1.7.1] AndroidManifest.xml:2:1-7:12
MERGED from [androidx.activity:activity:1.8.1] AndroidManifest.xml:17:1-22:12
MERGED from [androidx.viewpager:viewpager:1.0.0] AndroidManifest.xml:17:1-22:12
MERGED from [androidx.core:core-ktx:1.13.1] AndroidManifest.xml:2:1-7:12
MERGED from [androidx.appcompat:appcompat-resources:1.1.0] AndroidManifest.xml:17:1-24:12
MERGED from [androidx.drawerlayout:drawerlayout:1.0.0] AndroidManifest.xml:17:1-22:12
MERGED from [androidx.coordinatorlayout:coordinatorlayout:1.0.0] AndroidManifest.xml:17:1-22:12
MERGED from [androidx.customview:customview:1.1.0] AndroidManifest.xml:17:1-24:12
MERGED from [androidx.transition:transition:1.4.1] AndroidManifest.xml:17:1-24:12
MERGED from [androidx.vectordrawable:vectordrawable-animated:1.1.0] AndroidManifest.xml:17:1-24:12
MERGED from [androidx.vectordrawable:vectordrawable:1.1.0] AndroidManifest.xml:17:1-24:12
MERGED from [androidx.swiperefreshlayout:swiperefreshlayout:1.0.0] AndroidManifest.xml:17:1-22:12
MERGED from [androidx.asynclayoutinflater:asynclayoutinflater:1.0.0] AndroidManifest.xml:17:1-22:12
MERGED from [androidx.core:core:1.13.1] AndroidManifest.xml:17:1-30:12
MERGED from [androidx.localbroadcastmanager:localbroadcastmanager:1.1.0] AndroidManifest.xml:17:1-24:12
MERGED from [androidx.profileinstaller:profileinstaller:1.3.1] AndroidManifest.xml:17:1-55:12
MERGED from [androidx.startup:startup-runtime:1.1.1] AndroidManifest.xml:17:1-33:12
MERGED from [androidx.tracing:tracing:1.2.0] AndroidManifest.xml:17:1-22:12
MERGED from [androidx.exifinterface:exifinterface:1.4.1] AndroidManifest.xml:2:1-7:12
MERGED from [com.google.firebase:firebase-components:18.0.0] AndroidManifest.xml:15:1-20:12
MERGED from [com.google.firebase:firebase-datatransport:18.2.0] AndroidManifest.xml:15:1-31:12
MERGED from [com.google.android.datatransport:transport-backend-cct:3.1.9] AndroidManifest.xml:15:1-37:12
MERGED from [com.google.firebase:firebase-encoders-json:18.0.0] AndroidManifest.xml:15:1-23:12
MERGED from [com.google.android.datatransport:transport-runtime:3.1.9] AndroidManifest.xml:15:1-41:12
MERGED from [com.google.android.datatransport:transport-api:3.1.0] AndroidManifest.xml:15:1-20:12
MERGED from [androidx.interpolator:interpolator:1.0.0] AndroidManifest.xml:17:1-22:12
MERGED from [androidx.versionedparcelable:versionedparcelable:1.1.1] AndroidManifest.xml:17:1-27:12
MERGED from [androidx.arch.core:core-runtime:2.2.0] AndroidManifest.xml:17:1-22:12
MERGED from [androidx.cursoradapter:cursoradapter:1.0.0] AndroidManifest.xml:17:1-22:12
MERGED from [androidx.window.extensions.core:core:1.0.0] AndroidManifest.xml:2:1-7:12
MERGED from [androidx.documentfile:documentfile:1.0.0] AndroidManifest.xml:17:1-22:12
MERGED from [androidx.print:print:1.0.0] AndroidManifest.xml:17:1-22:12
MERGED from [androidx.annotation:annotation-experimental:1.4.0] AndroidManifest.xml:2:1-7:12
MERGED from [com.google.android.libraries.identity.googleid:googleid:1.1.0] AndroidManifest.xml:2:1-7:12
MERGED from [com.getkeepsafe.relinker:relinker:1.4.5] AndroidManifest.xml:2:1-7:12
MERGED from [com.google.firebase:protolite-well-known-types:18.0.1] AndroidManifest.xml:2:1-7:12
MERGED from [io.grpc:grpc-android:1.62.2] AndroidManifest.xml:2:1-9:12
MERGED from [com.razorpay:core:1.0.10] AndroidManifest.xml:2:1-30:12
MERGED from [com.google.android.play:core-common:2.0.3] AndroidManifest.xml:2:1-21:12
	package
		INJECTED from src\debug\AndroidManifest.xml
	android:versionName
		INJECTED from src\debug\AndroidManifest.xml
	android:versionCode
		INJECTED from src\debug\AndroidManifest.xml
	xmlns:android
		ADDED from src\main\AndroidManifest.xml:1:11-69
uses-permission#android.permission.ACCESS_COARSE_LOCATION
ADDED from src\main\AndroidManifest.xml:2:5-81
	android:name
		ADDED from src\main\AndroidManifest.xml:2:22-78
uses-permission#android.permission.ACCESS_FINE_LOCATION
ADDED from src\main\AndroidManifest.xml:3:5-79
	android:name
		ADDED from src\main\AndroidManifest.xml:3:22-76
queries
ADDED from src\main\AndroidManifest.xml:41:5-46:15
MERGED from [com.razorpay:standard-core:1.7.10] AndroidManifest.xml:10:5-39:15
MERGED from [com.razorpay:standard-core:1.7.10] AndroidManifest.xml:10:5-39:15
intent#action:name:android.intent.action.PROCESS_TEXT+data:mimeType:text/plain
ADDED from src\main\AndroidManifest.xml:42:9-45:18
action#android.intent.action.PROCESS_TEXT
ADDED from src\main\AndroidManifest.xml:43:13-72
	android:name
		ADDED from src\main\AndroidManifest.xml:43:21-70
data
ADDED from src\main\AndroidManifest.xml:44:13-50
	android:mimeType
		ADDED from src\main\AndroidManifest.xml:44:19-48
uses-permission#android.permission.INTERNET
ADDED from src\debug\AndroidManifest.xml:6:5-66
MERGED from [:firebase_analytics] AndroidManifest.xml:8:5-67
MERGED from [:firebase_analytics] AndroidManifest.xml:8:5-67
MERGED from [:firebase_messaging] AndroidManifest.xml:7:5-67
MERGED from [:firebase_messaging] AndroidManifest.xml:7:5-67
MERGED from [com.google.firebase:firebase-auth:23.2.1] AndroidManifest.xml:25:5-67
MERGED from [com.google.firebase:firebase-auth:23.2.1] AndroidManifest.xml:25:5-67
MERGED from [com.google.firebase:firebase-firestore:25.1.4] AndroidManifest.xml:11:5-67
MERGED from [com.google.firebase:firebase-firestore:25.1.4] AndroidManifest.xml:11:5-67
MERGED from [com.google.android.gms:play-services-measurement-api:22.5.0] AndroidManifest.xml:22:5-67
MERGED from [com.google.android.gms:play-services-measurement-api:22.5.0] AndroidManifest.xml:22:5-67
MERGED from [com.google.firebase:firebase-installations:18.0.0] AndroidManifest.xml:8:5-67
MERGED from [com.google.firebase:firebase-installations:18.0.0] AndroidManifest.xml:8:5-67
MERGED from [com.razorpay:standard-core:1.7.10] AndroidManifest.xml:8:5-67
MERGED from [com.razorpay:standard-core:1.7.10] AndroidManifest.xml:8:5-67
MERGED from [com.google.android.gms:play-services-maps:17.0.0] AndroidManifest.xml:24:5-67
MERGED from [com.google.android.gms:play-services-maps:17.0.0] AndroidManifest.xml:24:5-67
MERGED from [com.google.android.gms:play-services-measurement:22.5.0] AndroidManifest.xml:23:5-67
MERGED from [com.google.android.gms:play-services-measurement:22.5.0] AndroidManifest.xml:23:5-67
MERGED from [com.google.android.recaptcha:recaptcha:18.6.1] AndroidManifest.xml:7:5-67
MERGED from [com.google.android.recaptcha:recaptcha:18.6.1] AndroidManifest.xml:7:5-67
MERGED from [com.google.android.gms:play-services-cloud-messaging:17.2.0] AndroidManifest.xml:8:5-67
MERGED from [com.google.android.gms:play-services-cloud-messaging:17.2.0] AndroidManifest.xml:8:5-67
MERGED from [com.google.android.gms:play-services-measurement-impl:22.5.0] AndroidManifest.xml:23:5-67
MERGED from [com.google.android.gms:play-services-measurement-impl:22.5.0] AndroidManifest.xml:23:5-67
MERGED from [com.google.android.gms:play-services-measurement-sdk-api:22.5.0] AndroidManifest.xml:23:5-67
MERGED from [com.google.android.gms:play-services-measurement-sdk-api:22.5.0] AndroidManifest.xml:23:5-67
MERGED from [com.google.android.datatransport:transport-backend-cct:3.1.9] AndroidManifest.xml:25:5-67
MERGED from [com.google.android.datatransport:transport-backend-cct:3.1.9] AndroidManifest.xml:25:5-67
MERGED from [com.razorpay:core:1.0.10] AndroidManifest.xml:7:5-67
MERGED from [com.razorpay:core:1.0.10] AndroidManifest.xml:7:5-67
	android:name
		ADDED from src\debug\AndroidManifest.xml:6:22-64
uses-sdk
INJECTED from src\debug\AndroidManifest.xml reason: use-sdk injection requested
INJECTED from src\debug\AndroidManifest.xml
INJECTED from src\debug\AndroidManifest.xml
MERGED from [:firebase_analytics] AndroidManifest.xml:5:5-44
MERGED from [:firebase_analytics] AndroidManifest.xml:5:5-44
MERGED from [:shared_preferences_android] AndroidManifest.xml:5:5-44
MERGED from [:shared_preferences_android] AndroidManifest.xml:5:5-44
MERGED from [:geolocator_android] AndroidManifest.xml:5:5-44
MERGED from [:geolocator_android] AndroidManifest.xml:5:5-44
MERGED from [com.google.android.gms:play-services-location:21.2.0] AndroidManifest.xml:5:5-44
MERGED from [com.google.android.gms:play-services-location:21.2.0] AndroidManifest.xml:5:5-44
MERGED from [:firebase_auth] AndroidManifest.xml:5:5-44
MERGED from [:firebase_auth] AndroidManifest.xml:5:5-44
MERGED from [:cloud_firestore] AndroidManifest.xml:5:5-44
MERGED from [:cloud_firestore] AndroidManifest.xml:5:5-44
MERGED from [:firebase_messaging] AndroidManifest.xml:5:5-44
MERGED from [:firebase_messaging] AndroidManifest.xml:5:5-44
MERGED from [:firebase_core] AndroidManifest.xml:5:5-44
MERGED from [:firebase_core] AndroidManifest.xml:5:5-44
MERGED from [com.google.firebase:firebase-auth:23.2.1] AndroidManifest.xml:21:5-23:151
MERGED from [com.google.firebase:firebase-auth:23.2.1] AndroidManifest.xml:21:5-23:151
MERGED from [com.google.firebase:firebase-firestore:25.1.4] AndroidManifest.xml:6:5-44
MERGED from [com.google.firebase:firebase-firestore:25.1.4] AndroidManifest.xml:6:5-44
MERGED from [com.google.firebase:firebase-messaging:24.1.2] AndroidManifest.xml:20:5-44
MERGED from [com.google.firebase:firebase-messaging:24.1.2] AndroidManifest.xml:20:5-44
MERGED from [com.google.firebase:firebase-analytics:22.5.0] AndroidManifest.xml:5:5-44
MERGED from [com.google.firebase:firebase-analytics:22.5.0] AndroidManifest.xml:5:5-44
MERGED from [com.google.android.gms:play-services-measurement-api:22.5.0] AndroidManifest.xml:20:5-44
MERGED from [com.google.android.gms:play-services-measurement-api:22.5.0] AndroidManifest.xml:20:5-44
MERGED from [com.google.firebase:firebase-auth-interop:20.0.0] AndroidManifest.xml:5:5-44
MERGED from [com.google.firebase:firebase-auth-interop:20.0.0] AndroidManifest.xml:5:5-44
MERGED from [com.google.firebase:firebase-installations:18.0.0] AndroidManifest.xml:5:5-44
MERGED from [com.google.firebase:firebase-installations:18.0.0] AndroidManifest.xml:5:5-44
MERGED from [com.google.firebase:firebase-common-ktx:21.0.0] AndroidManifest.xml:5:5-44
MERGED from [com.google.firebase:firebase-common-ktx:21.0.0] AndroidManifest.xml:5:5-44
MERGED from [com.google.firebase:firebase-common:21.0.0] AndroidManifest.xml:19:5-44
MERGED from [com.google.firebase:firebase-common:21.0.0] AndroidManifest.xml:19:5-44
MERGED from [:connectivity_plus] AndroidManifest.xml:5:5-44
MERGED from [:connectivity_plus] AndroidManifest.xml:5:5-44
MERGED from [:path_provider_android] AndroidManifest.xml:5:5-44
MERGED from [:path_provider_android] AndroidManifest.xml:5:5-44
MERGED from [:printing] AndroidManifest.xml:5:5-44
MERGED from [:printing] AndroidManifest.xml:5:5-44
MERGED from [:razorpay_flutter] AndroidManifest.xml:5:5-44
MERGED from [:razorpay_flutter] AndroidManifest.xml:5:5-44
MERGED from [:sqflite_android] AndroidManifest.xml:5:5-44
MERGED from [:sqflite_android] AndroidManifest.xml:5:5-44
MERGED from [androidx.preference:preference:1.2.1] AndroidManifest.xml:20:5-22:41
MERGED from [androidx.preference:preference:1.2.1] AndroidManifest.xml:20:5-22:41
MERGED from [androidx.recyclerview:recyclerview:1.0.0] AndroidManifest.xml:20:5-44
MERGED from [androidx.recyclerview:recyclerview:1.0.0] AndroidManifest.xml:20:5-44
MERGED from [androidx.legacy:legacy-support-core-ui:1.0.0] AndroidManifest.xml:20:5-44
MERGED from [androidx.legacy:legacy-support-core-ui:1.0.0] AndroidManifest.xml:20:5-44
MERGED from [androidx.slidingpanelayout:slidingpanelayout:1.2.0] AndroidManifest.xml:20:5-22:41
MERGED from [androidx.slidingpanelayout:slidingpanelayout:1.2.0] AndroidManifest.xml:20:5-22:41
MERGED from [androidx.window:window:1.2.0] AndroidManifest.xml:20:5-44
MERGED from [androidx.window:window:1.2.0] AndroidManifest.xml:20:5-44
MERGED from [androidx.window:window-java:1.2.0] AndroidManifest.xml:19:5-44
MERGED from [androidx.window:window-java:1.2.0] AndroidManifest.xml:19:5-44
MERGED from [androidx.appcompat:appcompat:1.1.0] AndroidManifest.xml:20:5-22:41
MERGED from [androidx.appcompat:appcompat:1.1.0] AndroidManifest.xml:20:5-22:41
MERGED from [androidx.browser:browser:1.4.0] AndroidManifest.xml:20:5-22:41
MERGED from [androidx.browser:browser:1.4.0] AndroidManifest.xml:20:5-22:41
MERGED from [com.razorpay:checkout:1.6.41] AndroidManifest.xml:5:5-44
MERGED from [com.razorpay:checkout:1.6.41] AndroidManifest.xml:5:5-44
MERGED from [com.razorpay:standard-core:1.7.10] AndroidManifest.xml:6:5-44
MERGED from [com.razorpay:standard-core:1.7.10] AndroidManifest.xml:6:5-44
MERGED from [androidx.credentials:credentials:1.2.0-rc01] AndroidManifest.xml:5:5-44
MERGED from [androidx.credentials:credentials:1.2.0-rc01] AndroidManifest.xml:5:5-44
MERGED from [androidx.credentials:credentials-play-services-auth:1.2.0-rc01] AndroidManifest.xml:21:5-44
MERGED from [androidx.credentials:credentials-play-services-auth:1.2.0-rc01] AndroidManifest.xml:21:5-44
MERGED from [com.google.android.gms:play-services-auth:21.1.0] AndroidManifest.xml:20:5-44
MERGED from [com.google.android.gms:play-services-auth:21.1.0] AndroidManifest.xml:20:5-44
MERGED from [com.google.android.gms:play-services-wallet:18.1.3] AndroidManifest.xml:20:5-44
MERGED from [com.google.android.gms:play-services-wallet:18.1.3] AndroidManifest.xml:20:5-44
MERGED from [androidx.fragment:fragment-ktx:1.7.1] AndroidManifest.xml:5:5-44
MERGED from [androidx.fragment:fragment-ktx:1.7.1] AndroidManifest.xml:5:5-44
MERGED from [com.google.android.gms:play-services-maps:17.0.0] AndroidManifest.xml:20:5-44
MERGED from [com.google.android.gms:play-services-maps:17.0.0] AndroidManifest.xml:20:5-44
MERGED from [com.google.android.gms:play-services-auth-api-phone:18.0.2] AndroidManifest.xml:5:5-44
MERGED from [com.google.android.gms:play-services-auth-api-phone:18.0.2] AndroidManifest.xml:5:5-44